[ 2017-04-19T10:35:07+08:00 ] 106.37.66.201 /index.php?g=Admin&m=public&a=dologin
INFO: [ app_begin ] --START--
INFO: Run Behavior\ReadHtmlCacheBehavior [ RunTime:0.000361s ]
INFO: Run Behavior\CheckLangBehavior [ RunTime:0.000372s ]
INFO: [ app_begin ] --END-- [ RunTime:0.001002s ]
SQL: SHOW COLUMNS FROM `cmf_users` [ RunTime:0.0009s ]
SQL: SELECT * FROM `cmf_users` WHERE `user_login` = 'admin' LIMIT 1   [ RunTime:0.0004s ]
SQL: SHOW COLUMNS FROM `cmf_role_user` [ RunTime:0.0004s ]
SQL: SELECT `role_id` FROM cmf_role_user a INNER JOIN cmf_role as b on a.role_id =b.id  WHERE `user_id` = '1' AND `status` = 1  [ RunTime:0.0001s ]
SQL: UPDATE `cmf_users` SET `user_login`='admin',`user_pass`='###d5cfa3d307976949d9ad7777e91ae373',`user_nicename`='admin',`user_email`='937823918@qq.com',`user_url`='',`avatar`=NULL,`sex`='0',`birthday`=NULL,`signature`=NULL,`last_login_ip`='106.37.66.201',`last_login_time`='2017-04-19 10:35:07',`create_time`='2016-07-06 01:26:15',`user_activation_key`='',`user_status`='1',`score`='0',`user_type`='1',`coin`='0',`mobile`='',`token`='45c45a05c3959d734de0ef047f88522b',`reg_from`='0' WHERE `id` = '1' [ RunTime:0.0003s ]

[ 2017-04-19T10:40:19+08:00 ] 101.254.232.38 /index.php?g=Admin&m=public&a=dologin
INFO: [ app_begin ] --START--
INFO: Run Behavior\ReadHtmlCacheBehavior [ RunTime:0.000331s ]
INFO: Run Behavior\CheckLangBehavior [ RunTime:0.000501s ]
INFO: [ app_begin ] --END-- [ RunTime:0.001096s ]
SQL: SHOW COLUMNS FROM `cmf_users` [ RunTime:0.0011s ]
SQL: SELECT * FROM `cmf_users` WHERE `user_login` = 'admin' LIMIT 1   [ RunTime:0.0005s ]
SQL: SHOW COLUMNS FROM `cmf_role_user` [ RunTime:0.0004s ]
SQL: SELECT `role_id` FROM cmf_role_user a INNER JOIN cmf_role as b on a.role_id =b.id  WHERE `user_id` = '1' AND `status` = 1  [ RunTime:0.0001s ]
SQL: UPDATE `cmf_users` SET `user_login`='admin',`user_pass`='###d5cfa3d307976949d9ad7777e91ae373',`user_nicename`='admin',`user_email`='937823918@qq.com',`user_url`='',`avatar`=NULL,`sex`='0',`birthday`=NULL,`signature`=NULL,`last_login_ip`='101.254.232.38',`last_login_time`='2017-04-19 10:40:19',`create_time`='2016-07-06 01:26:15',`user_activation_key`='',`user_status`='1',`score`='0',`user_type`='1',`coin`='0',`mobile`='',`token`='45c45a05c3959d734de0ef047f88522b',`reg_from`='0' WHERE `id` = '1' [ RunTime:0.0004s ]

[ 2017-04-19T11:04:18+08:00 ] 106.37.66.201 /index.php?g=Admin&m=public&a=dologin
INFO: [ app_begin ] --START--
INFO: Run Behavior\ReadHtmlCacheBehavior [ RunTime:0.000351s ]
INFO: Run Behavior\CheckLangBehavior [ RunTime:0.000388s ]
INFO: [ app_begin ] --END-- [ RunTime:0.001030s ]
SQL: SHOW COLUMNS FROM `cmf_users` [ RunTime:0.0009s ]
SQL: SELECT * FROM `cmf_users` WHERE `user_login` = 'admin' LIMIT 1   [ RunTime:0.1723s ]
SQL: SHOW COLUMNS FROM `cmf_role_user` [ RunTime:0.0005s ]
SQL: SELECT `role_id` FROM cmf_role_user a INNER JOIN cmf_role as b on a.role_id =b.id  WHERE `user_id` = '1' AND `status` = 1  [ RunTime:0.0001s ]
SQL: UPDATE `cmf_users` SET `user_login`='admin',`user_pass`='###d5cfa3d307976949d9ad7777e91ae373',`user_nicename`='admin',`user_email`='937823918@qq.com',`user_url`='',`avatar`=NULL,`sex`='0',`birthday`=NULL,`signature`=NULL,`last_login_ip`='106.37.66.201',`last_login_time`='2017-04-19 11:04:18',`create_time`='2016-07-06 01:26:15',`user_activation_key`='',`user_status`='1',`score`='0',`user_type`='1',`coin`='0',`mobile`='',`token`='45c45a05c3959d734de0ef047f88522b',`reg_from`='0' WHERE `id` = '1' [ RunTime:0.0003s ]

